#! /usr/bin/vvp
:ivl_version "12.0 (stable)";
:ivl_delay_selection "TYPICAL";
:vpi_time_precision + 0;
:vpi_module "/usr/lib/x86_64-linux-gnu/ivl/system.vpi";
:vpi_module "/usr/lib/x86_64-linux-gnu/ivl/vhdl_sys.vpi";
:vpi_module "/usr/lib/x86_64-linux-gnu/ivl/vhdl_textio.vpi";
:vpi_module "/usr/lib/x86_64-linux-gnu/ivl/v2005_math.vpi";
:vpi_module "/usr/lib/x86_64-linux-gnu/ivl/va_math.vpi";
:vpi_module "/usr/lib/x86_64-linux-gnu/ivl/v2009.vpi";
S_0x5d0b74ab7540 .scope package, "$unit" "$unit" 2 1;
 .timescale 0 0;
S_0x5d0b74ab76d0 .scope module, "tb" "tb" 3 1;
 .timescale 0 0;
v0x5d0b74ab7860 .array "mem", 5 0, 31 0;
    .scope S_0x5d0b74ab76d0;
T_0 ;
    %vpi_call/w 3 4 "$readmemh", "instructions.txt", v0x5d0b74ab7860 {0 0 0};
    %vpi_call/w 3 5 "$display", "mem[0] = %h", &A<v0x5d0b74ab7860, 1> {0 0 0};
    %vpi_call/w 3 6 "$finish" {0 0 0};
    %end;
    .thread T_0;
# The file index is used to find the file name in the following table.
:file_names 4;
    "N/A";
    "<interactive>";
    "-";
    "test.v";
